<?xml version="1.0" encoding="UTF-8"?>
<!-- Generated by org.testng.reporters.JUnitXMLReporter -->
<testsuite ignored="0" hostname="DESKTOP-UTOAIVJ" failures="0" tests="4" name="Test2" time="0.112" errors="0" timestamp="2024-01-31T13:20:58 IST">
  <testcase classname="New.Saving_Account2" name="SavingAccount3" time="0.015"/>
  <testcase classname="New.Saving_Account2" name="SavingAccount6" time="0.003"/>
  <testcase classname="New.CurrentAccount1" name="Current_Account" time="0.003"/>
  <testcase classname="New.CurrentAccount1" name="Current_Account2" time="0.001"/>
</testsuite> <!-- Test2 -->
