<?xml version="1.0" encoding="UTF-8"?>
<!-- Generated by org.testng.reporters.JUnitXMLReporter -->
<testsuite ignored="0" hostname="DESKTOP-MEPT26D" failures="0" tests="21" name="Default test" time="0.164" errors="0" timestamp="2024-02-08T15:06:11 IST">
  <testcase classname="BatchTesting.HomeScreenTest" name="VerifyTitle" time="0.019"/>
  <testcase classname="BatchTesting.HomeScreenTest" name="VerifyTitle" time="0.003"/>
  <testcase classname="BatchTesting.HomeScreenTest" name="VerifyTitle" time="0.002"/>
  <testcase classname="BatchTesting.HomeScreenTest" name="VerifyTitle" time="0.002"/>
  <testcase classname="BatchTesting.HomeScreenTest" name="VerifyTitle" time="0.009"/>
  <testcase classname="BatchTesting.HomeScreenTest" name="VerifyTitle" time="0.002"/>
  <testcase classname="BatchTesting.HomeScreenTest" name="VerifyTitle" time="0.002"/>
  <testcase classname="BatchTesting.HomeScreenTest" name="Verifylogo" time="0.003"/>
  <testcase classname="BatchTesting.HomeScreenTest" name="Verifylogo" time="0.001"/>
  <testcase classname="BatchTesting.HomeScreenTest" name="Verifylogo" time="0.003"/>
  <testcase classname="BatchTesting.HomeScreenTest" name="Verifylogo" time="0.003"/>
  <testcase classname="BatchTesting.HomeScreenTest" name="Verifylogo" time="0.002"/>
  <testcase classname="BatchTesting.HomeScreenTest" name="Verifylogo" time="0.001"/>
  <testcase classname="BatchTesting.HomeScreenTest" name="Verifylogo" time="0.001"/>
  <testcase classname="BatchTesting.HomeScreenTest" name="launchApplication" time="0.001"/>
  <testcase classname="BatchTesting.HomeScreenTest" name="launchApplication" time="0.001"/>
  <testcase classname="BatchTesting.HomeScreenTest" name="launchApplication" time="0.001"/>
  <testcase classname="BatchTesting.HomeScreenTest" name="launchApplication" time="0.002"/>
  <testcase classname="BatchTesting.HomeScreenTest" name="launchApplication" time="0.004"/>
  <testcase classname="BatchTesting.HomeScreenTest" name="launchApplication" time="0.001"/>
  <testcase classname="BatchTesting.HomeScreenTest" name="launchApplication" time="0.001"/>
</testsuite> <!-- Default test -->
