<?xml version="1.0" encoding="UTF-8"?>
<testng-results ignored="0" total="3" passed="3" failed="0" skipped="0">
  <reporter-output>
  </reporter-output>
  <suite started-at="2024-02-09T11:05:39 IST" name="Suite" finished-at="2024-02-09T11:05:55 IST" duration-ms="15853">
    <groups>
    </groups>
    <test started-at="2024-02-09T11:05:39 IST" name="Test1" finished-at="2024-02-09T11:05:48 IST" duration-ms="8720">
      <class name="TestNgAnnotation.seleniumJava">
        <test-method signature="googlesearch(java.lang.String)[pri:0, instance:TestNgAnnotation.seleniumJava@123ef382]" started-at="2024-02-09T11:05:39 IST" name="googlesearch" finished-at="2024-02-09T11:05:48 IST" duration-ms="8665" status="PASS">
          <params>
            <param index="0">
              <value>
                <![CDATA[java]]>
              </value>
            </param>
          </params>
          <reporter-output>
          </reporter-output>
        </test-method> <!-- googlesearch -->
      </class> <!-- TestNgAnnotation.seleniumJava -->
    </test> <!-- Test1 -->
    <test started-at="2024-02-09T11:05:48 IST" name="Test2" finished-at="2024-02-09T11:05:50 IST" duration-ms="2742">
      <class name="TestNgAnnotation.seleniumJava">
        <test-method signature="googlesearch(java.lang.String)[pri:0, instance:TestNgAnnotation.seleniumJava@131774fe]" started-at="2024-02-09T11:05:48 IST" name="googlesearch" finished-at="2024-02-09T11:05:50 IST" duration-ms="2737" status="PASS">
          <params>
            <param index="0">
              <value>
                <![CDATA[selenium]]>
              </value>
            </param>
          </params>
          <reporter-output>
          </reporter-output>
        </test-method> <!-- googlesearch -->
      </class> <!-- TestNgAnnotation.seleniumJava -->
    </test> <!-- Test2 -->
    <test started-at="2024-02-09T11:05:50 IST" name="Test3" finished-at="2024-02-09T11:05:55 IST" duration-ms="4307">
      <class name="TestNgAnnotation.seleniumJava">
        <test-method signature="googlesearch(java.lang.String)[pri:0, instance:TestNgAnnotation.seleniumJava@2b662a77]" started-at="2024-02-09T11:05:50 IST" name="googlesearch" finished-at="2024-02-09T11:05:55 IST" duration-ms="4302" status="PASS">
          <params>
            <param index="0">
              <value>
                <![CDATA[automation]]>
              </value>
            </param>
          </params>
          <reporter-output>
          </reporter-output>
        </test-method> <!-- googlesearch -->
      </class> <!-- TestNgAnnotation.seleniumJava -->
    </test> <!-- Test3 -->
  </suite> <!-- Suite -->
</testng-results>
