<?xml version="1.0" encoding="UTF-8"?>
<!-- Generated by org.testng.reporters.JUnitXMLReporter -->
<testsuite ignored="2" hostname="DESKTOP-UTOAIVJ" failures="0" tests="4" name="Test4" time="0.164" errors="0" timestamp="2024-01-31T16:01:20 IST">
  <testcase classname="New.LoanDepartment" name="APILoginPersonalLoan" time="0.024"/>
  <testcase classname="New.LoanDepartment" name="MobileLoginCARLoan" time="0.006"/>
  <testcase classname="New.LoanDepartment" name="MobileLoginPersonalLoan" time="0.006"/>
  <testcase classname="New.LoanDepartment" name="WebLoginCARLoan" time="0.004"/>
  <testcase classname="New.LoanDepartment" name="APILoginCARLoan" time="0.0">
    <ignored/>
  </testcase> <!-- APILoginCARLoan -->
  <testcase classname="New.LoanDepartment" name="WebLoginPersonalLoan" time="0.0">
    <ignored/>
  </testcase> <!-- WebLoginPersonalLoan -->
</testsuite> <!-- Test4 -->
